<?xml version="1.0" encoding="UTF-8"?>
<!-- Generated by org.testng.reporters.JUnitReportReporter -->
<testsuite hostname="DESKTOP-F7SHF1O" failures="0" tests="2" name="com.orange.scripts.AdminTests" time="48.137" errors="0" timestamp="2022-06-04T20:38:17 IST" skipped="0">
  <testcase classname="com.orange.scripts.AdminTests" name="giveAdminRights" time="20.424"/>
  <system-out/>
  <testcase classname="com.orange.scripts.AdminTests" name="giveAdminRights" time="27.713"/>
  <system-out/>
</testsuite> <!-- com.orange.scripts.AdminTests -->
