<?xml version="1.0" encoding="UTF-8"?>
<!-- Generated by org.testng.reporters.JUnitReportReporter -->
<testsuite hostname="DESKTOP-F7SHF1O" failures="0" tests="1" name="com.orange.scripts.LoginTests" time="18.811" errors="0" timestamp="2022-05-29T20:33:27 IST" skipped="0">
  <testcase classname="com.orange.scripts.LoginTests" name="addEmployeeFromPIM" time="18.811"/>
  <system-out/>
</testsuite> <!-- com.orange.scripts.LoginTests -->
