<?xml version="1.0" encoding="UTF-8"?>
<!-- Generated by org.testng.reporters.JUnitReportReporter -->
<testsuite skipped="0" hostname="DESKTOP-F7SHF1O" name="com.orange.scripts.TS1_PIMTests" tests="1" failures="0" timestamp="2022-06-29T17:48:59 IST" time="27.402" errors="0">
  <testcase name="addEmployeeFromPIM" time="27.402" classname="com.orange.scripts.TS1_PIMTests"/>
  <system-out/>
</testsuite> <!-- com.orange.scripts.TS1_PIMTests -->
