<?xml version="1.0" encoding="UTF-8"?>
<!-- Generated by org.testng.reporters.JUnitReportReporter -->
<testsuite hostname="DESKTOP-F7SHF1O" failures="0" tests="1" name="com.orange.scripts.PIMTests" time="28.460" errors="0" timestamp="2022-06-09T21:05:39 IST" skipped="0">
  <testcase classname="com.orange.scripts.PIMTests" name="addEmployeeFromPIM" time="28.460"/>
  <system-out/>
</testsuite> <!-- com.orange.scripts.PIMTests -->
