<?xml version="1.0" encoding="UTF-8"?>
<!-- Generated by org.testng.reporters.JUnitReportReporter -->
<testsuite skipped="0" hostname="DESKTOP-F7SHF1O" name="com.orange.scripts.TS1_PIMTests" tests="1" failures="0" timestamp="2022-06-29T17:50:29 IST" time="30.090" errors="0">
  <testcase name="addEmployeeFromPIM" time="30.090" classname="com.orange.scripts.TS1_PIMTests"/>
  <system-out/>
</testsuite> <!-- com.orange.scripts.TS1_PIMTests -->
