<?xml version="1.0" encoding="UTF-8"?>
<!-- Generated by org.testng.reporters.JUnitReportReporter -->
<testsuite skipped="1" hostname="DESKTOP-F7SHF1O" name="com.orange.scripts.TS2_AdminTests" tests="3" failures="0" timestamp="2022-06-29T17:50:29 IST" time="36.158" errors="0">
  <testcase name="tc1_giveAdminRights" time="15.665" classname="com.orange.scripts.TS2_AdminTests"/>
  <system-out/>
  <testcase name="tc1_giveAdminRights" time="6.148" classname="com.orange.scripts.TS2_AdminTests">
    <skipped/>
  </testcase> <!-- tc1_giveAdminRights -->
  <system-out/>
  <testcase name="tc2_DeleteEmployeeFromAdmin" time="14.345" classname="com.orange.scripts.TS2_AdminTests"/>
  <system-out/>
</testsuite> <!-- com.orange.scripts.TS2_AdminTests -->
